{
  "RSpec": {
    "coverage": {
      "/home/ubuntu/workspace/hw-Acceptance-Unit-Test-Cycle/app/controllers/movies_controller.rb": [
        1,
        1,
        8,
        null,
        null,
        1,
        7,
        42,
        7,
        null,
        null,
        1,
        2,
        null,
        null,
        1,
        1,
        1,
        1,
        null,
        null,
        1,
        7,
        7,
        7,
        null,
        null,
        1,
        7,
        0,
        7,
        0,
        null,
        7,
        null,
        null,
        7,
        0,
        0,
        0,
        null,
        0,
        null,
        null,
        null,
        1,
        8,
        0,
        8,
        0,
        null,
        8,
        null,
        null,
        8,
        0,
        0,
        null,
        null,
        null,
        1,
        null,
        null,
        null,
        1,
        1,
        1,
        1,
        null,
        null,
        1,
        0,
        null,
        null,
        1,
        1,
        1,
        1,
        1,
        null,
        null,
        1,
        1,
        1,
        1,
        1,
        null,
        null,
        null,
        1,
        2,
        2,
        1,
        1,
        1,
        1,
        null,
        1,
        1,
        null,
        null,
        2,
        2,
        0,
        0,
        null,
        2,
        null,
        null,
        null
      ],
      "/home/ubuntu/workspace/hw-Acceptance-Unit-Test-Cycle/app/controllers/application_controller.rb": [
        1,
        null,
        null,
        1,
        null
      ],
      "/home/ubuntu/workspace/hw-Acceptance-Unit-Test-Cycle/app/helpers/application_helper.rb": [
        1,
        null
      ],
      "/home/ubuntu/workspace/hw-Acceptance-Unit-Test-Cycle/app/helpers/movies_helper.rb": [
        1,
        null
      ],
      "/home/ubuntu/workspace/hw-Acceptance-Unit-Test-Cycle/app/models/movie.rb": [
        1,
        1,
        7,
        null,
        null,
        1,
        4,
        3,
        null,
        null,
        null
      ]
    },
    "timestamp": 1490068069
  },
  "Cucumber Features": {
    "coverage": {
      "/home/ubuntu/workspace/hw-Acceptance-Unit-Test-Cycle/app/models/movie.rb": [
        1,
        1,
        29,
        null,
        null,
        1,
        2,
        2,
        null,
        null,
        null
      ],
      "/home/ubuntu/workspace/hw-Acceptance-Unit-Test-Cycle/app/controllers/movies_controller.rb": [
        1,
        1,
        15,
        null,
        null,
        1,
        29,
        174,
        29,
        null,
        null,
        1,
        2,
        null,
        null,
        1,
        8,
        8,
        8,
        null,
        null,
        1,
        13,
        13,
        13,
        null,
        null,
        1,
        13,
        1,
        12,
        1,
        null,
        11,
        null,
        null,
        13,
        2,
        2,
        10,
        null,
        2,
        null,
        null,
        null,
        1,
        15,
        1,
        14,
        1,
        null,
        13,
        null,
        null,
        15,
        2,
        2,
        null,
        null,
        null,
        1,
        null,
        null,
        null,
        1,
        1,
        1,
        1,
        null,
        null,
        1,
        1,
        null,
        null,
        1,
        1,
        1,
        1,
        1,
        null,
        null,
        1,
        1,
        1,
        1,
        1,
        null,
        null,
        null,
        1,
        3,
        3,
        2,
        2,
        2,
        2,
        null,
        1,
        1,
        null,
        null,
        3,
        3,
        2,
        2,
        null,
        1,
        null,
        null,
        null
      ],
      "/home/ubuntu/workspace/hw-Acceptance-Unit-Test-Cycle/app/controllers/application_controller.rb": [
        1,
        null,
        null,
        1,
        null
      ],
      "/home/ubuntu/workspace/hw-Acceptance-Unit-Test-Cycle/app/helpers/application_helper.rb": [
        1,
        null
      ],
      "/home/ubuntu/workspace/hw-Acceptance-Unit-Test-Cycle/app/helpers/movies_helper.rb": [
        1,
        null
      ]
    },
    "timestamp": 1490068041
  }
}
